<testsuites id="" name="" tests="2" failures="0" skipped="0" errors="0" time="31.189256">
<testsuite name="test-cn-dn-simple.spec.ts" timestamp="2026-03-19T03:45:55.393Z" hostname="chromium" tests="2" failures="0" skipped="0" time="29.713" errors="0">
<testcase name="CN/DN Forms - Error Check › Debit Note Form - Check for vendors.map and products.filter errors" classname="test-cn-dn-simple.spec.ts" time="15.13">
<system-out>
<![CDATA[✅ Logged in
❌ Console Error: [next-auth][error][CLIENT_FETCH_ERROR] 
https://next-auth.js.org/errors#client_fetch_error Failed to fetch {error: Object, url: /api/auth/csrf, message: Failed to fetch}
⚠️  Could not find or click button: locator.waitFor: Timeout 10000ms exceeded.
Call log:
[2m  - waiting for locator('button:has-text("สร้างใบเพิ่มหนี้")') to be visible[22m

    at [90m/Users/tong/Thai-acc/[39me2e/test-cn-dn-simple.spec.ts:42:20 {
  name: [32m'TimeoutError'[39m,
  [32mSymbol(step)[39m: {
    location: {
      file: [32m'/Users/tong/Thai-acc/e2e/test-cn-dn-simple.spec.ts'[39m,
      line: [33m42[39m,
      column: [33m20[39m
    },
    category: [32m'pw:api'[39m,
    title: [32m`Wait for selector locator('button:has-text("สร้างใบเพิ่มหนี้")')`[39m,
    apiName: [32m'locator.waitFor'[39m,
    params: {
      selector: [32m'button:has-text("สร้างใบเพิ่มหนี้")'[39m,
      strict: [33mtrue[39m,
      omitReturnValue: [33mtrue[39m,
      state: [32m'visible'[39m,
      timeout: [33m10000[39m
    },
    group: [90mundefined[39m,
    stepId: [32m'pw:api@41'[39m,
    boxedStack: [90mundefined[39m,
    steps: [],
    attachmentIndices: [],
    info: TestStepInfoImpl {
      annotations: [],
      _testInfo: [36m[TestInfoImpl][39m,
      _stepId: [32m'pw:api@41'[39m,
      _title: [32m`Wait for selector locator('button:has-text("สร้างใบเพิ่มหนี้")')`[39m,
      _parentStep: [90mundefined[39m,
      skip: [36m[Function (anonymous)][39m
    },
    complete: [36m[Function: complete][39m,
    endWallTime: [33m1773891971299[39m,
    error: {
      message: [32m'TimeoutError: locator.waitFor: Timeout 10000ms exceeded.\n'[39m +
        [32m'Call log:\n'[39m +
        [32m`\x1B[2m  - waiting for locator('button:has-text("สร้างใบเพิ่มหนี้")') to be visible\x1B[22m\n`[39m,
      stack: [32m'TimeoutError: locator.waitFor: Timeout 10000ms exceeded.\n'[39m +
        [32m'Call log:\n'[39m +
        [32m`\x1B[2m  - waiting for locator('button:has-text("สร้างใบเพิ่มหนี้")') to be visible\x1B[22m\n`[39m +
        [32m'\n'[39m +
        [32m'    at /Users/tong/Thai-acc/e2e/test-cn-dn-simple.spec.ts:42:20'[39m,
      cause: [90mundefined[39m
    }
  }
}

📊 Error Summary:
Total errors: [33m1[39m
vendors.map errors: [33m0[39m
products.filter errors: [33m0[39m
]]>
</system-out>
</testcase>
<testcase name="CN/DN Forms - Error Check › Credit Note Form - Check for customers.map and products.filter errors" classname="test-cn-dn-simple.spec.ts" time="14.583">
<system-out>
<![CDATA[✅ Logged in
❌ Console Error: [next-auth][error][CLIENT_FETCH_ERROR] 
https://next-auth.js.org/errors#client_fetch_error Failed to fetch {error: Object, url: /api/auth/csrf, message: Failed to fetch}
⚠️  Could not find or click button: locator.waitFor: Timeout 10000ms exceeded.
Call log:
[2m  - waiting for locator('button:has-text("สร้างใบลดหนี้")') to be visible[22m

    at [90m/Users/tong/Thai-acc/[39me2e/test-cn-dn-simple.spec.ts:112:20 {
  name: [32m'TimeoutError'[39m,
  [32mSymbol(step)[39m: {
    location: {
      file: [32m'/Users/tong/Thai-acc/e2e/test-cn-dn-simple.spec.ts'[39m,
      line: [33m112[39m,
      column: [33m20[39m
    },
    category: [32m'pw:api'[39m,
    title: [32m`Wait for selector locator('button:has-text("สร้างใบลดหนี้")')`[39m,
    apiName: [32m'locator.waitFor'[39m,
    params: {
      selector: [32m'button:has-text("สร้างใบลดหนี้")'[39m,
      strict: [33mtrue[39m,
      omitReturnValue: [33mtrue[39m,
      state: [32m'visible'[39m,
      timeout: [33m10000[39m
    },
    group: [90mundefined[39m,
    stepId: [32m'pw:api@32'[39m,
    boxedStack: [90mundefined[39m,
    steps: [],
    attachmentIndices: [],
    info: TestStepInfoImpl {
      annotations: [],
      _testInfo: [36m[TestInfoImpl][39m,
      _stepId: [32m'pw:api@32'[39m,
      _title: [32m`Wait for selector locator('button:has-text("สร้างใบลดหนี้")')`[39m,
      _parentStep: [90mundefined[39m,
      skip: [36m[Function (anonymous)][39m
    },
    complete: [36m[Function: complete][39m,
    endWallTime: [33m1773891985892[39m,
    error: {
      message: [32m'TimeoutError: locator.waitFor: Timeout 10000ms exceeded.\n'[39m +
        [32m'Call log:\n'[39m +
        [32m`\x1B[2m  - waiting for locator('button:has-text("สร้างใบลดหนี้")') to be visible\x1B[22m\n`[39m,
      stack: [32m'TimeoutError: locator.waitFor: Timeout 10000ms exceeded.\n'[39m +
        [32m'Call log:\n'[39m +
        [32m`\x1B[2m  - waiting for locator('button:has-text("สร้างใบลดหนี้")') to be visible\x1B[22m\n`[39m +
        [32m'\n'[39m +
        [32m'    at /Users/tong/Thai-acc/e2e/test-cn-dn-simple.spec.ts:112:20'[39m,
      cause: [90mundefined[39m
    }
  }
}

📊 Error Summary:
Total errors: [33m1[39m
customers.map errors: [33m0[39m
products.filter errors: [33m0[39m
]]>
</system-out>
</testcase>
</testsuite>
</testsuites>